[1103/211138.926:ERROR:directory_reader_win.cc(43)] FindFirstFile: The system cannot find the path specified. (0x3)
[1118/115049.934:ERROR:directory_reader_win.cc(43)] FindFirstFile: The system cannot find the path specified. (0x3)
[1119/132035.052:ERROR:directory_reader_win.cc(43)] FindFirstFile: The system cannot find the path specified. (0x3)
[1129/142015.877:ERROR:directory_reader_win.cc(43)] FindFirstFile: The system cannot find the path specified. (0x3)
[1129/202214.481:ERROR:filesystem_win.cc(129)] GetFileAttributes C:\Users\PC\AppData\Local\Google\Chrome\User Data\Crashpad\attachments\6f32a709-0235-4139-9181-fd4c44c5307a: The system cannot find the path specified. (0x3)
[1129/202836.720:ERROR:process_reader_win.cc(151)] SuspendThread: Access is denied. (0x5)
[1129/202836.720:ERROR:process_reader_win.cc(151)] SuspendThread: Access is denied. (0x5)
[1129/202836.720:ERROR:process_reader_win.cc(151)] SuspendThread: Access is denied. (0x5)
[1129/202836.720:ERROR:process_reader_win.cc(151)] SuspendThread: Access is denied. (0x5)
[1129/202836.720:ERROR:process_reader_win.cc(151)] SuspendThread: Access is denied. (0x5)
[1129/202836.720:ERROR:process_reader_win.cc(151)] SuspendThread: Access is denied. (0x5)
[1129/202836.720:ERROR:process_reader_win.cc(151)] SuspendThread: Access is denied. (0x5)
[1129/202836.720:ERROR:process_reader_win.cc(151)] SuspendThread: Access is denied. (0x5)
[1129/202836.720:ERROR:process_reader_win.cc(151)] SuspendThread: Access is denied. (0x5)
[1129/202836.721:ERROR:process_reader_win.cc(151)] SuspendThread: Access is denied. (0x5)
[1129/202836.721:ERROR:process_reader_win.cc(151)] SuspendThread: Access is denied. (0x5)
[1129/202836.721:ERROR:process_reader_win.cc(151)] SuspendThread: Access is denied. (0x5)
[1129/202836.721:ERROR:process_reader_win.cc(151)] SuspendThread: Access is denied. (0x5)
[1129/202836.721:ERROR:process_reader_win.cc(151)] SuspendThread: Access is denied. (0x5)
[1129/202836.721:ERROR:process_reader_win.cc(151)] SuspendThread: Access is denied. (0x5)
[1129/202836.721:ERROR:process_reader_win.cc(151)] SuspendThread: Access is denied. (0x5)
[1129/202836.721:ERROR:process_reader_win.cc(151)] SuspendThread: Access is denied. (0x5)
[1129/202836.734:ERROR:process_reader_win.cc(151)] SuspendThread: Access is denied. (0x5)
[1129/202836.734:ERROR:process_reader_win.cc(151)] SuspendThread: Access is denied. (0x5)
[1129/202836.734:ERROR:process_reader_win.cc(151)] SuspendThread: Access is denied. (0x5)
[1129/202836.734:ERROR:process_reader_win.cc(151)] SuspendThread: Access is denied. (0x5)
[1129/202836.734:ERROR:process_reader_win.cc(151)] SuspendThread: Access is denied. (0x5)
[1129/202836.734:ERROR:process_reader_win.cc(151)] SuspendThread: Access is denied. (0x5)
[1129/202836.734:ERROR:process_reader_win.cc(151)] SuspendThread: Access is denied. (0x5)
[1129/202836.734:ERROR:process_reader_win.cc(151)] SuspendThread: Access is denied. (0x5)
[1129/202836.740:ERROR:process_reader_win.cc(151)] SuspendThread: Access is denied. (0x5)
[1129/202836.740:ERROR:process_reader_win.cc(151)] SuspendThread: Access is denied. (0x5)
[1129/202836.740:ERROR:process_reader_win.cc(151)] SuspendThread: Access is denied. (0x5)
[1129/202836.740:ERROR:process_reader_win.cc(151)] SuspendThread: Access is denied. (0x5)
[1129/202836.740:ERROR:process_reader_win.cc(151)] SuspendThread: Access is denied. (0x5)
[1129/202836.740:ERROR:process_reader_win.cc(151)] SuspendThread: Access is denied. (0x5)
[1129/202836.740:ERROR:process_reader_win.cc(151)] SuspendThread: Access is denied. (0x5)
[1129/202836.740:ERROR:process_reader_win.cc(151)] SuspendThread: Access is denied. (0x5)
[1129/202836.740:ERROR:process_reader_win.cc(151)] SuspendThread: Access is denied. (0x5)
[1129/202836.720:ERROR:process_reader_win.cc(123)] NtOpenThread: {Access Denied} A process has requested access to an object, but has not been granted those access rights. (0xc0000022)
[1129/202836.788:ERROR:exception_snapshot_win.cc(99)] thread ID 11896 not found in process
[1129/202836.721:ERROR:process_reader_win.cc(123)] NtOpenThread: {Access Denied} A process has requested access to an object, but has not been granted those access rights. (0xc0000022)
[1129/202836.734:ERROR:process_reader_win.cc(123)] NtOpenThread: {Access Denied} A process has requested access to an object, but has not been granted those access rights. (0xc0000022)
[1129/202836.740:ERROR:process_reader_win.cc(123)] NtOpenThread: {Access Denied} A process has requested access to an object, but has not been granted those access rights. (0xc0000022)
[1129/202836.788:ERROR:exception_snapshot_win.cc(99)] thread ID 11940 not found in process
[1129/202836.788:ERROR:exception_snapshot_win.cc(99)] thread ID 11904 not found in process
[1129/202836.788:ERROR:exception_snapshot_win.cc(99)] thread ID 11888 not found in process
[1129/202836.856:ERROR:process_reader_win.cc(151)] SuspendThread: Access is denied. (0x5)
[1129/202836.856:ERROR:process_reader_win.cc(151)] SuspendThread: Access is denied. (0x5)
[1129/202836.856:ERROR:process_reader_win.cc(151)] SuspendThread: Access is denied. (0x5)
[1129/202836.856:ERROR:process_reader_win.cc(151)] SuspendThread: Access is denied. (0x5)
[1129/202836.856:ERROR:process_reader_win.cc(151)] SuspendThread: Access is denied. (0x5)
[1129/202836.856:ERROR:process_reader_win.cc(151)] SuspendThread: Access is denied. (0x5)
[1129/202836.856:ERROR:process_reader_win.cc(151)] SuspendThread: Access is denied. (0x5)
[1129/202836.856:ERROR:process_reader_win.cc(151)] SuspendThread: Access is denied. (0x5)
[1129/202836.856:ERROR:process_reader_win.cc(151)] SuspendThread: Access is denied. (0x5)
[1129/202836.856:ERROR:process_reader_win.cc(151)] SuspendThread: Access is denied. (0x5)
[1129/202836.856:ERROR:process_reader_win.cc(151)] SuspendThread: Access is denied. (0x5)
[1129/202836.856:ERROR:process_reader_win.cc(123)] NtOpenThread: {Access Denied} A process has requested access to an object, but has not been granted those access rights. (0xc0000022)
[1129/202836.856:ERROR:exception_snapshot_win.cc(99)] thread ID 11912 not found in process
[1129/202836.862:ERROR:process_reader_win.cc(151)] SuspendThread: Access is denied. (0x5)
[1129/202836.862:ERROR:process_reader_win.cc(151)] SuspendThread: Access is denied. (0x5)
[1129/202836.862:ERROR:process_reader_win.cc(151)] SuspendThread: Access is denied. (0x5)
[1129/202836.862:ERROR:process_reader_win.cc(151)] SuspendThread: Access is denied. (0x5)
[1129/202836.862:ERROR:process_reader_win.cc(151)] SuspendThread: Access is denied. (0x5)
[1129/202836.862:ERROR:process_reader_win.cc(151)] SuspendThread: Access is denied. (0x5)
[1129/202836.862:ERROR:process_reader_win.cc(151)] SuspendThread: Access is denied. (0x5)
[1129/202836.862:ERROR:process_reader_win.cc(151)] SuspendThread: Access is denied. (0x5)
[1129/202836.862:ERROR:process_reader_win.cc(151)] SuspendThread: Access is denied. (0x5)
[1129/202836.862:ERROR:process_reader_win.cc(151)] SuspendThread: Access is denied. (0x5)
[1129/202836.862:ERROR:process_reader_win.cc(151)] SuspendThread: Access is denied. (0x5)
[1129/202836.862:ERROR:process_reader_win.cc(123)] NtOpenThread: {Access Denied} A process has requested access to an object, but has not been granted those access rights. (0xc0000022)
[1129/202836.862:ERROR:exception_snapshot_win.cc(99)] thread ID 11920 not found in process
[1129/202836.870:ERROR:process_reader_win.cc(151)] SuspendThread: Access is denied. (0x5)
[1129/202836.870:ERROR:process_reader_win.cc(151)] SuspendThread: Access is denied. (0x5)
[1129/202836.870:ERROR:process_reader_win.cc(151)] SuspendThread: Access is denied. (0x5)
[1129/202836.870:ERROR:process_reader_win.cc(151)] SuspendThread: Access is denied. (0x5)
[1129/202836.870:ERROR:process_reader_win.cc(151)] SuspendThread: Access is denied. (0x5)
[1129/202836.870:ERROR:process_reader_win.cc(151)] SuspendThread: Access is denied. (0x5)
[1129/202836.870:ERROR:process_reader_win.cc(151)] SuspendThread: Access is denied. (0x5)
[1129/202836.870:ERROR:process_reader_win.cc(151)] SuspendThread: Access is denied. (0x5)
[1129/202836.871:ERROR:process_reader_win.cc(151)] SuspendThread: Access is denied. (0x5)
[1129/202836.871:ERROR:process_reader_win.cc(151)] SuspendThread: Access is denied. (0x5)
[1129/202836.871:ERROR:process_reader_win.cc(151)] SuspendThread: Access is denied. (0x5)
[1129/202836.871:ERROR:process_reader_win.cc(123)] NtOpenThread: {Access Denied} A process has requested access to an object, but has not been granted those access rights. (0xc0000022)
[1129/202836.871:ERROR:exception_snapshot_win.cc(99)] thread ID 11928 not found in process
[1129/202836.878:ERROR:process_reader_win.cc(151)] SuspendThread: Access is denied. (0x5)
[1129/202836.878:ERROR:process_reader_win.cc(151)] SuspendThread: Access is denied. (0x5)
[1129/202836.878:ERROR:process_reader_win.cc(151)] SuspendThread: Access is denied. (0x5)
[1129/202836.878:ERROR:process_reader_win.cc(151)] SuspendThread: Access is denied. (0x5)
[1129/202836.878:ERROR:process_reader_win.cc(151)] SuspendThread: Access is denied. (0x5)
[1129/202836.878:ERROR:process_reader_win.cc(151)] SuspendThread: Access is denied. (0x5)
[1129/202836.878:ERROR:process_reader_win.cc(151)] SuspendThread: Access is denied. (0x5)
[1129/202836.878:ERROR:process_reader_win.cc(151)] SuspendThread: Access is denied. (0x5)
[1129/202836.878:ERROR:process_reader_win.cc(151)] SuspendThread: Access is denied. (0x5)
[1129/202836.878:ERROR:process_reader_win.cc(151)] SuspendThread: Access is denied. (0x5)
[1129/202836.878:ERROR:process_reader_win.cc(151)] SuspendThread: Access is denied. (0x5)
[1129/202836.878:ERROR:process_reader_win.cc(123)] NtOpenThread: {Access Denied} A process has requested access to an object, but has not been granted those access rights. (0xc0000022)
[1129/202836.878:ERROR:exception_snapshot_win.cc(99)] thread ID 11936 not found in process
[1130/111633.451:ERROR:directory_reader_win.cc(43)] FindFirstFile: The system cannot find the path specified. (0x3)
